{
  "RSpec": {
    "coverage": {
      "/Users/Guest/Desktop/MrFixIt-rails/spec/features/view_jobs_page_spec.rb": [
        1,
        null,
        1,
        1,
        1,
        1,
        1,
        1,
        1,
        null,
        null
      ],
      "/Users/Guest/Desktop/MrFixIt-rails/spec/models/job_spec.rb": [
        1,
        null,
        1,
        2,
        null
      ],
      "/Users/Guest/Desktop/MrFixIt-rails/spec/models/user_spec.rb": [
        1
      ],
      "/Users/Guest/Desktop/MrFixIt-rails/spec/models/worker_spec.rb": [
        1,
        null,
        1,
        2,
        null
      ]
    },
    "timestamp": 1487977231
  }
}
